<?xml version="1.0" encoding="UTF-8" standalone="yes"?><!DOCTYPE report PUBLIC "-//JACOCO//DTD Report 1.1//EN" "report.dtd"><report name="paybridge-portpos"><sessioninfo id="sadmansobhan-bf86b88" start="1786530919846" dump="1786530926155"/><package name="com/paybridge/portpos"><class name="com/paybridge/portpos/PortPosConfiguration" sourcefilename="PortPosConfiguration.java"><method name="&lt;init&gt;" desc="(Ljava/lang/String;Ljava/lang/String;Ljava/net/URI;Ljava/net/URI;Ljava/net/URI;)V" line="4"><counter type="INSTRUCTION" missed="5" covered="34"/><counter type="BRANCH" missed="4" covered="4"/><counter type="LINE" missed="0" covered="1"/><counter type="COMPLEXITY" missed="4" covered="1"/><counter type="METHOD" missed="0" covered="1"/></method><method name="toString" desc="()Ljava/lang/String;" line="4"><counter type="INSTRUCTION" missed="11" covered="0"/><counter type="LINE" missed="1" covered="0"/><counter type="COMPLEXITY" missed="1" covered="0"/><counter type="METHOD" missed="1" covered="0"/></method><counter type="INSTRUCTION" missed="16" covered="34"/><counter type="BRANCH" missed="4" covered="4"/><counter type="LINE" missed="0" covered="1"/><counter type="COMPLEXITY" missed="5" covered="1"/><counter type="METHOD" missed="1" covered="1"/><counter type="CLASS" missed="0" covered="1"/></class><class name="com/paybridge/portpos/PortPosPaymentGateway" sourcefilename="PortPosPaymentGateway.java"><method name="&lt;init&gt;" desc="(Lcom/paybridge/portpos/PortPosConfiguration;)V" line="4"><counter type="INSTRUCTION" missed="0" covered="8"/><counter type="LINE" missed="0" covered="1"/><counter type="COMPLEXITY" missed="0" covered="1"/><counter type="METHOD" missed="0" covered="1"/></method><method name="&lt;init&gt;" desc="(Lcom/paybridge/portpos/PortPosConfiguration;Ljava/net/http/HttpClient;Lcom/fasterxml/jackson/databind/ObjectMapper;)V" line="4"><counter type="INSTRUCTION" missed="0" covered="12"/><counter type="LINE" missed="0" covered="1"/><counter type="COMPLEXITY" missed="0" covered="1"/><counter type="METHOD" missed="0" covered="1"/></method><method name="provider" desc="()Lcom/paybridge/core/model/PaymentProvider;" line="4"><counter type="INSTRUCTION" missed="0" covered="3"/><counter type="LINE" missed="0" covered="1"/><counter type="COMPLEXITY" missed="0" covered="1"/><counter type="METHOD" missed="0" covered="1"/></method><method name="capabilities" desc="()Ljava/util/Set;" line="4"><counter type="INSTRUCTION" missed="8" covered="0"/><counter type="LINE" missed="1" covered="0"/><counter type="COMPLEXITY" missed="1" covered="0"/><counter type="METHOD" missed="1" covered="0"/></method><method name="createPayment" desc="(Lcom/paybridge/core/model/PaymentRequest;)Lcom/paybridge/core/model/Payment;" line="5"><counter type="INSTRUCTION" missed="4" covered="156"/><counter type="BRANCH" missed="5" covered="5"/><counter type="LINE" missed="0" covered="1"/><counter type="COMPLEXITY" missed="5" covered="1"/><counter type="METHOD" missed="0" covered="1"/></method><method name="getPayment" desc="(Lcom/paybridge/core/model/PaymentReference;)Lcom/paybridge/core/model/Payment;" line="6"><counter type="INSTRUCTION" missed="12" covered="0"/><counter type="LINE" missed="1" covered="0"/><counter type="COMPLEXITY" missed="1" covered="0"/><counter type="METHOD" missed="1" covered="0"/></method><method name="refund" desc="(Lcom/paybridge/core/model/RefundRequest;)Lcom/paybridge/core/model/Refund;" line="7"><counter type="INSTRUCTION" missed="2" covered="59"/><counter type="BRANCH" missed="1" covered="1"/><counter type="LINE" missed="0" covered="1"/><counter type="COMPLEXITY" missed="1" covered="1"/><counter type="METHOD" missed="0" covered="1"/></method><method name="request" desc="(Ljava/lang/String;Ljava/lang/String;Lcom/fasterxml/jackson/databind/JsonNode;)Lcom/fasterxml/jackson/databind/JsonNode;" line="8"><counter type="INSTRUCTION" missed="24" covered="61"/><counter type="BRANCH" missed="3" covered="3"/><counter type="LINE" missed="0" covered="1"/><counter type="COMPLEXITY" missed="3" covered="1"/><counter type="METHOD" missed="0" covered="1"/></method><method name="payment" desc="(Lcom/fasterxml/jackson/databind/JsonNode;Lcom/paybridge/core/model/Money;)Lcom/paybridge/core/model/Payment;" line="9"><counter type="INSTRUCTION" missed="23" covered="55"/><counter type="BRANCH" missed="7" covered="2"/><counter type="LINE" missed="0" covered="1"/><counter type="COMPLEXITY" missed="7" covered="1"/><counter type="METHOD" missed="0" covered="1"/></method><method name="token" desc="(J)Ljava/lang/String;" line="10"><counter type="INSTRUCTION" missed="0" covered="15"/><counter type="LINE" missed="0" covered="1"/><counter type="COMPLEXITY" missed="0" covered="1"/><counter type="METHOD" missed="0" covered="1"/></method><method name="md5" desc="(Ljava/lang/String;)Ljava/lang/String;" line="10"><counter type="INSTRUCTION" missed="6" covered="42"/><counter type="BRANCH" missed="0" covered="2"/><counter type="LINE" missed="0" covered="1"/><counter type="COMPLEXITY" missed="0" covered="2"/><counter type="METHOD" missed="0" covered="1"/></method><method name="invalid" desc="(Ljava/lang/String;)Lcom/paybridge/core/error/PaymentException;" line="10"><counter type="INSTRUCTION" missed="10" covered="0"/><counter type="LINE" missed="1" covered="0"/><counter type="COMPLEXITY" missed="1" covered="0"/><counter type="METHOD" missed="1" covered="0"/></method><method name="error" desc="(ILcom/fasterxml/jackson/databind/JsonNode;)Lcom/paybridge/core/error/PaymentException;" line="10"><counter type="INSTRUCTION" missed="32" covered="0"/><counter type="BRANCH" missed="8" covered="0"/><counter type="LINE" missed="1" covered="0"/><counter type="COMPLEXITY" missed="5" covered="0"/><counter type="METHOD" missed="1" covered="0"/></method><method name="enc" desc="(Ljava/lang/String;)Ljava/lang/String;" line="10"><counter type="INSTRUCTION" missed="0" covered="4"/><counter type="LINE" missed="0" covered="1"/><counter type="COMPLEXITY" missed="0" covered="1"/><counter type="METHOD" missed="0" covered="1"/></method><method name="text" desc="(Ljava/lang/String;Ljava/lang/String;)Ljava/lang/String;" line="10"><counter type="INSTRUCTION" missed="2" covered="7"/><counter type="BRANCH" missed="2" covered="2"/><counter type="LINE" missed="0" covered="1"/><counter type="COMPLEXITY" missed="2" covered="1"/><counter type="METHOD" missed="0" covered="1"/></method><counter type="INSTRUCTION" missed="123" covered="422"/><counter type="BRANCH" missed="26" covered="15"/><counter type="LINE" missed="1" covered="6"/><counter type="COMPLEXITY" missed="26" covered="12"/><counter type="METHOD" missed="4" covered="11"/><counter type="CLASS" missed="0" covered="1"/></class><sourcefile name="PortPosConfiguration.java"><line nr="4" mi="16" ci="34" mb="4" cb="4"/><counter type="INSTRUCTION" missed="16" covered="34"/><counter type="BRANCH" missed="4" covered="4"/><counter type="LINE" missed="0" covered="1"/><counter type="COMPLEXITY" missed="5" covered="1"/><counter type="METHOD" missed="1" covered="1"/><counter type="CLASS" missed="0" covered="1"/></sourcefile><sourcefile name="PortPosPaymentGateway.java"><line nr="4" mi="8" ci="23" mb="0" cb="0"/><line nr="5" mi="4" ci="156" mb="5" cb="5"/><line nr="6" mi="12" ci="0" mb="0" cb="0"/><line nr="7" mi="2" ci="59" mb="1" cb="1"/><line nr="8" mi="24" ci="61" mb="3" cb="3"/><line nr="9" mi="23" ci="55" mb="7" cb="2"/><line nr="10" mi="50" ci="68" mb="10" cb="4"/><counter type="INSTRUCTION" missed="123" covered="422"/><counter type="BRANCH" missed="26" covered="15"/><counter type="LINE" missed="1" covered="6"/><counter type="COMPLEXITY" missed="26" covered="12"/><counter type="METHOD" missed="4" covered="11"/><counter type="CLASS" missed="0" covered="1"/></sourcefile><counter type="INSTRUCTION" missed="139" covered="456"/><counter type="BRANCH" missed="30" covered="19"/><counter type="LINE" missed="1" covered="7"/><counter type="COMPLEXITY" missed="31" covered="13"/><counter type="METHOD" missed="5" covered="12"/><counter type="CLASS" missed="0" covered="2"/></package><counter type="INSTRUCTION" missed="139" covered="456"/><counter type="BRANCH" missed="30" covered="19"/><counter type="LINE" missed="1" covered="7"/><counter type="COMPLEXITY" missed="31" covered="13"/><counter type="METHOD" missed="5" covered="12"/><counter type="CLASS" missed="0" covered="2"/></report>