<?xml version="1.0" encoding="UTF-8" standalone="yes"?><!DOCTYPE report PUBLIC "-//JACOCO//DTD Report 1.1//EN" "report.dtd"><report name="paybridge-stripe"><sessioninfo id="sadmansobhan-a8a6c1d1" start="1786533094653" dump="1786533100842"/><package name="com/paybridge/stripe"><class name="com/paybridge/stripe/StripeConfiguration" sourcefilename="StripeConfiguration.java"><method name="&lt;init&gt;" desc="(Ljava/lang/String;Ljava/net/URI;)V" line="5"><counter type="INSTRUCTION" missed="5" covered="20"/><counter type="BRANCH" missed="2" covered="2"/><counter type="LINE" missed="0" covered="1"/><counter type="COMPLEXITY" missed="2" covered="1"/><counter type="METHOD" missed="0" covered="1"/></method><method name="toString" desc="()Ljava/lang/String;" line="5"><counter type="INSTRUCTION" missed="5" covered="0"/><counter type="LINE" missed="1" covered="0"/><counter type="COMPLEXITY" missed="1" covered="0"/><counter type="METHOD" missed="1" covered="0"/></method><counter type="INSTRUCTION" missed="10" covered="20"/><counter type="BRANCH" missed="2" covered="2"/><counter type="LINE" missed="0" covered="1"/><counter type="COMPLEXITY" missed="3" covered="1"/><counter type="METHOD" missed="1" covered="1"/><counter type="CLASS" missed="0" covered="1"/></class><class name="com/paybridge/stripe/StripePaymentGateway" sourcefilename="StripePaymentGateway.java"><method name="&lt;init&gt;" desc="(Lcom/paybridge/stripe/StripeConfiguration;)V" line="18"><counter type="INSTRUCTION" missed="0" covered="8"/><counter type="LINE" missed="0" covered="1"/><counter type="COMPLEXITY" missed="0" covered="1"/><counter type="METHOD" missed="0" covered="1"/></method><method name="&lt;init&gt;" desc="(Lcom/paybridge/stripe/StripeConfiguration;Ljava/net/http/HttpClient;Lcom/fasterxml/jackson/databind/ObjectMapper;)V" line="19"><counter type="INSTRUCTION" missed="0" covered="12"/><counter type="LINE" missed="0" covered="1"/><counter type="COMPLEXITY" missed="0" covered="1"/><counter type="METHOD" missed="0" covered="1"/></method><method name="provider" desc="()Lcom/paybridge/core/model/PaymentProvider;" line="20"><counter type="INSTRUCTION" missed="0" covered="2"/><counter type="LINE" missed="0" covered="1"/><counter type="COMPLEXITY" missed="0" covered="1"/><counter type="METHOD" missed="0" covered="1"/></method><method name="capabilities" desc="()Ljava/util/Set;" line="21"><counter type="INSTRUCTION" missed="11" covered="0"/><counter type="LINE" missed="1" covered="0"/><counter type="COMPLEXITY" missed="1" covered="0"/><counter type="METHOD" missed="1" covered="0"/></method><method name="createPayment" desc="(Lcom/paybridge/core/model/PaymentRequest;)Lcom/paybridge/core/model/Payment;" line="22"><counter type="INSTRUCTION" missed="17" covered="52"/><counter type="BRANCH" missed="3" covered="1"/><counter type="LINE" missed="0" covered="1"/><counter type="COMPLEXITY" missed="2" covered="1"/><counter type="METHOD" missed="0" covered="1"/></method><method name="getPayment" desc="(Lcom/paybridge/core/model/PaymentReference;)Lcom/paybridge/core/model/Payment;" line="23"><counter type="INSTRUCTION" missed="12" covered="0"/><counter type="LINE" missed="1" covered="0"/><counter type="COMPLEXITY" missed="1" covered="0"/><counter type="METHOD" missed="1" covered="0"/></method><method name="cancel" desc="(Lcom/paybridge/core/model/PaymentReference;)Lcom/paybridge/core/model/Payment;" line="24"><counter type="INSTRUCTION" missed="12" covered="0"/><counter type="LINE" missed="1" covered="0"/><counter type="COMPLEXITY" missed="1" covered="0"/><counter type="METHOD" missed="1" covered="0"/></method><method name="capture" desc="(Lcom/paybridge/core/model/PaymentReference;)Lcom/paybridge/core/model/Payment;" line="25"><counter type="INSTRUCTION" missed="12" covered="0"/><counter type="LINE" missed="1" covered="0"/><counter type="COMPLEXITY" missed="1" covered="0"/><counter type="METHOD" missed="1" covered="0"/></method><method name="refund" desc="(Lcom/paybridge/core/model/RefundRequest;)Lcom/paybridge/core/model/Refund;" line="26"><counter type="INSTRUCTION" missed="42" covered="0"/><counter type="BRANCH" missed="2" covered="0"/><counter type="LINE" missed="1" covered="0"/><counter type="COMPLEXITY" missed="2" covered="0"/><counter type="METHOD" missed="1" covered="0"/></method><method name="send" desc="(Ljava/lang/String;Ljava/lang/String;Ljava/util/Map;Ljava/lang/String;)Lcom/fasterxml/jackson/databind/JsonNode;" line="27"><counter type="INSTRUCTION" missed="35" covered="53"/><counter type="BRANCH" missed="3" covered="3"/><counter type="LINE" missed="0" covered="1"/><counter type="COMPLEXITY" missed="3" covered="1"/><counter type="METHOD" missed="0" covered="1"/></method><method name="payment" desc="(Lcom/fasterxml/jackson/databind/JsonNode;)Lcom/paybridge/core/model/Payment;" line="28"><counter type="INSTRUCTION" missed="13" covered="63"/><counter type="BRANCH" missed="7" covered="2"/><counter type="LINE" missed="0" covered="1"/><counter type="COMPLEXITY" missed="7" covered="1"/><counter type="METHOD" missed="0" covered="1"/></method><method name="mapped" desc="(ILcom/fasterxml/jackson/databind/JsonNode;)Lcom/paybridge/core/error/PaymentException;" line="29"><counter type="INSTRUCTION" missed="49" covered="0"/><counter type="BRANCH" missed="12" covered="0"/><counter type="LINE" missed="1" covered="0"/><counter type="COMPLEXITY" missed="7" covered="0"/><counter type="METHOD" missed="1" covered="0"/></method><method name="minor" desc="(Lcom/paybridge/core/model/Money;)Ljava/math/BigInteger;" line="30"><counter type="INSTRUCTION" missed="0" covered="10"/><counter type="LINE" missed="0" covered="1"/><counter type="COMPLEXITY" missed="0" covered="1"/><counter type="METHOD" missed="0" covered="1"/></method><method name="form" desc="(Ljava/util/Map;)Ljava/lang/String;" line="30"><counter type="INSTRUCTION" missed="0" covered="10"/><counter type="LINE" missed="0" covered="1"/><counter type="COMPLEXITY" missed="0" covered="1"/><counter type="METHOD" missed="0" covered="1"/></method><method name="encode" desc="(Ljava/lang/String;)Ljava/lang/String;" line="30"><counter type="INSTRUCTION" missed="0" covered="4"/><counter type="LINE" missed="0" covered="1"/><counter type="COMPLEXITY" missed="0" covered="1"/><counter type="METHOD" missed="0" covered="1"/></method><method name="lambda$form$0" desc="(Ljava/util/Map$Entry;)Ljava/lang/String;" line="30"><counter type="INSTRUCTION" missed="0" covered="10"/><counter type="LINE" missed="0" covered="1"/><counter type="COMPLEXITY" missed="0" covered="1"/><counter type="METHOD" missed="0" covered="1"/></method><counter type="INSTRUCTION" missed="203" covered="224"/><counter type="BRANCH" missed="27" covered="6"/><counter type="LINE" missed="6" covered="7"/><counter type="COMPLEXITY" missed="25" covered="10"/><counter type="METHOD" missed="6" covered="10"/><counter type="CLASS" missed="0" covered="1"/></class><sourcefile name="StripeConfiguration.java"><line nr="5" mi="10" ci="20" mb="2" cb="2"/><counter type="INSTRUCTION" missed="10" covered="20"/><counter type="BRANCH" missed="2" covered="2"/><counter type="LINE" missed="0" covered="1"/><counter type="COMPLEXITY" missed="3" covered="1"/><counter type="METHOD" missed="1" covered="1"/><counter type="CLASS" missed="0" covered="1"/></sourcefile><sourcefile name="StripePaymentGateway.java"><line nr="18" mi="0" ci="8" mb="0" cb="0"/><line nr="19" mi="0" ci="12" mb="0" cb="0"/><line nr="20" mi="0" ci="2" mb="0" cb="0"/><line nr="21" mi="11" ci="0" mb="0" cb="0"/><line nr="22" mi="17" ci="52" mb="3" cb="1"/><line nr="23" mi="12" ci="0" mb="0" cb="0"/><line nr="24" mi="12" ci="0" mb="0" cb="0"/><line nr="25" mi="12" ci="0" mb="0" cb="0"/><line nr="26" mi="42" ci="0" mb="2" cb="0"/><line nr="27" mi="35" ci="53" mb="3" cb="3"/><line nr="28" mi="13" ci="63" mb="7" cb="2"/><line nr="29" mi="49" ci="0" mb="12" cb="0"/><line nr="30" mi="0" ci="34" mb="0" cb="0"/><counter type="INSTRUCTION" missed="203" covered="224"/><counter type="BRANCH" missed="27" covered="6"/><counter type="LINE" missed="6" covered="7"/><counter type="COMPLEXITY" missed="25" covered="10"/><counter type="METHOD" missed="6" covered="10"/><counter type="CLASS" missed="0" covered="1"/></sourcefile><counter type="INSTRUCTION" missed="213" covered="244"/><counter type="BRANCH" missed="29" covered="8"/><counter type="LINE" missed="6" covered="8"/><counter type="COMPLEXITY" missed="28" covered="11"/><counter type="METHOD" missed="7" covered="11"/><counter type="CLASS" missed="0" covered="2"/></package><counter type="INSTRUCTION" missed="213" covered="244"/><counter type="BRANCH" missed="29" covered="8"/><counter type="LINE" missed="6" covered="8"/><counter type="COMPLEXITY" missed="28" covered="11"/><counter type="METHOD" missed="7" covered="11"/><counter type="CLASS" missed="0" covered="2"/></report>