<?xml version="1.0" encoding="UTF-8" standalone="yes"?><!DOCTYPE report PUBLIC "-//JACOCO//DTD Report 1.1//EN" "report.dtd"><report name="paybridge-sslcommerz"><sessioninfo id="sadmansobhan-fda3afb7" start="1786530913047" dump="1786530918763"/><package name="com/paybridge/sslcommerz"><class name="com/paybridge/sslcommerz/SslCommerzPaymentGateway" sourcefilename="SslCommerzPaymentGateway.java"><method name="&lt;init&gt;" desc="(Lcom/paybridge/sslcommerz/SslCommerzConfiguration;)V" line="4"><counter type="INSTRUCTION" missed="0" covered="8"/><counter type="LINE" missed="0" covered="1"/><counter type="COMPLEXITY" missed="0" covered="1"/><counter type="METHOD" missed="0" covered="1"/></method><method name="&lt;init&gt;" desc="(Lcom/paybridge/sslcommerz/SslCommerzConfiguration;Ljava/net/http/HttpClient;Lcom/fasterxml/jackson/databind/ObjectMapper;)V" line="4"><counter type="INSTRUCTION" missed="0" covered="12"/><counter type="LINE" missed="0" covered="1"/><counter type="COMPLEXITY" missed="0" covered="1"/><counter type="METHOD" missed="0" covered="1"/></method><method name="provider" desc="()Lcom/paybridge/core/model/PaymentProvider;" line="4"><counter type="INSTRUCTION" missed="0" covered="2"/><counter type="LINE" missed="0" covered="1"/><counter type="COMPLEXITY" missed="0" covered="1"/><counter type="METHOD" missed="0" covered="1"/></method><method name="capabilities" desc="()Ljava/util/Set;" line="4"><counter type="INSTRUCTION" missed="6" covered="0"/><counter type="LINE" missed="1" covered="0"/><counter type="COMPLEXITY" missed="1" covered="0"/><counter type="METHOD" missed="1" covered="0"/></method><method name="createPayment" desc="(Lcom/paybridge/core/model/PaymentRequest;)Lcom/paybridge/core/model/Payment;" line="5"><counter type="INSTRUCTION" missed="10" covered="164"/><counter type="BRANCH" missed="2" covered="2"/><counter type="LINE" missed="0" covered="1"/><counter type="COMPLEXITY" missed="2" covered="1"/><counter type="METHOD" missed="0" covered="1"/></method><method name="getPayment" desc="(Lcom/paybridge/core/model/PaymentReference;)Lcom/paybridge/core/model/Payment;" line="6"><counter type="INSTRUCTION" missed="0" covered="46"/><counter type="BRANCH" missed="3" covered="3"/><counter type="LINE" missed="0" covered="1"/><counter type="COMPLEXITY" missed="3" covered="1"/><counter type="METHOD" missed="0" covered="1"/></method><method name="call" desc="(Ljava/lang/String;Ljava/lang/String;Ljava/util/Map;)Lcom/fasterxml/jackson/databind/JsonNode;" line="7"><counter type="INSTRUCTION" missed="36" covered="58"/><counter type="BRANCH" missed="6" covered="4"/><counter type="LINE" missed="0" covered="1"/><counter type="COMPLEXITY" missed="4" covered="2"/><counter type="METHOD" missed="0" covered="1"/></method><method name="payment" desc="(Lcom/fasterxml/jackson/databind/JsonNode;Lcom/paybridge/core/model/Money;Ljava/lang/String;)Lcom/paybridge/core/model/Payment;" line="8"><counter type="INSTRUCTION" missed="8" covered="89"/><counter type="BRANCH" missed="4" covered="8"/><counter type="LINE" missed="0" covered="1"/><counter type="COMPLEXITY" missed="4" covered="5"/><counter type="METHOD" missed="0" covered="1"/></method><method name="form" desc="(Ljava/util/Map;)Ljava/lang/String;" line="8"><counter type="INSTRUCTION" missed="0" covered="10"/><counter type="LINE" missed="0" covered="1"/><counter type="COMPLEXITY" missed="0" covered="1"/><counter type="METHOD" missed="0" covered="1"/></method><method name="lambda$form$0" desc="(Ljava/util/Map$Entry;)Ljava/lang/String;" line="8"><counter type="INSTRUCTION" missed="0" covered="12"/><counter type="LINE" missed="0" covered="1"/><counter type="COMPLEXITY" missed="0" covered="1"/><counter type="METHOD" missed="0" covered="1"/></method><counter type="INSTRUCTION" missed="60" covered="401"/><counter type="BRANCH" missed="15" covered="17"/><counter type="LINE" missed="0" covered="5"/><counter type="COMPLEXITY" missed="14" covered="14"/><counter type="METHOD" missed="1" covered="9"/><counter type="CLASS" missed="0" covered="1"/></class><class name="com/paybridge/sslcommerz/SslCommerzConfiguration" sourcefilename="SslCommerzConfiguration.java"><method name="&lt;init&gt;" desc="(Ljava/lang/String;Ljava/lang/String;Ljava/net/URI;Ljava/net/URI;Ljava/net/URI;Ljava/net/URI;Ljava/net/URI;)V" line="4"><counter type="INSTRUCTION" missed="5" covered="49"/><counter type="BRANCH" missed="4" covered="4"/><counter type="LINE" missed="0" covered="1"/><counter type="COMPLEXITY" missed="4" covered="1"/><counter type="METHOD" missed="0" covered="1"/></method><method name="toString" desc="()Ljava/lang/String;" line="4"><counter type="INSTRUCTION" missed="7" covered="0"/><counter type="LINE" missed="1" covered="0"/><counter type="COMPLEXITY" missed="1" covered="0"/><counter type="METHOD" missed="1" covered="0"/></method><counter type="INSTRUCTION" missed="12" covered="49"/><counter type="BRANCH" missed="4" covered="4"/><counter type="LINE" missed="0" covered="1"/><counter type="COMPLEXITY" missed="5" covered="1"/><counter type="METHOD" missed="1" covered="1"/><counter type="CLASS" missed="0" covered="1"/></class><sourcefile name="SslCommerzPaymentGateway.java"><line nr="4" mi="6" ci="22" mb="0" cb="0"/><line nr="5" mi="10" ci="164" mb="2" cb="2"/><line nr="6" mi="0" ci="46" mb="3" cb="3"/><line nr="7" mi="36" ci="58" mb="6" cb="4"/><line nr="8" mi="8" ci="111" mb="4" cb="8"/><counter type="INSTRUCTION" missed="60" covered="401"/><counter type="BRANCH" missed="15" covered="17"/><counter type="LINE" missed="0" covered="5"/><counter type="COMPLEXITY" missed="14" covered="14"/><counter type="METHOD" missed="1" covered="9"/><counter type="CLASS" missed="0" covered="1"/></sourcefile><sourcefile name="SslCommerzConfiguration.java"><line nr="4" mi="12" ci="49" mb="4" cb="4"/><counter type="INSTRUCTION" missed="12" covered="49"/><counter type="BRANCH" missed="4" covered="4"/><counter type="LINE" missed="0" covered="1"/><counter type="COMPLEXITY" missed="5" covered="1"/><counter type="METHOD" missed="1" covered="1"/><counter type="CLASS" missed="0" covered="1"/></sourcefile><counter type="INSTRUCTION" missed="72" covered="450"/><counter type="BRANCH" missed="19" covered="21"/><counter type="LINE" missed="0" covered="6"/><counter type="COMPLEXITY" missed="19" covered="15"/><counter type="METHOD" missed="2" covered="10"/><counter type="CLASS" missed="0" covered="2"/></package><counter type="INSTRUCTION" missed="72" covered="450"/><counter type="BRANCH" missed="19" covered="21"/><counter type="LINE" missed="0" covered="6"/><counter type="COMPLEXITY" missed="19" covered="15"/><counter type="METHOD" missed="2" covered="10"/><counter type="CLASS" missed="0" covered="2"/></report>