<?xml version="1.0" encoding="UTF-8" standalone="yes"?><!DOCTYPE report PUBLIC "-//JACOCO//DTD Report 1.1//EN" "report.dtd"><report name="paybridge-bkash"><sessioninfo id="sadmansobhan-42211934" start="1786530906316" dump="1786530911975"/><package name="com/paybridge/bkash"><class name="com/paybridge/bkash/BkashPaymentGateway" sourcefilename="BkashPaymentGateway.java"><method name="&lt;init&gt;" desc="(Lcom/paybridge/bkash/BkashConfiguration;)V" line="15"><counter type="INSTRUCTION" missed="0" covered="8"/><counter type="LINE" missed="0" covered="1"/><counter type="COMPLEXITY" missed="0" covered="1"/><counter type="METHOD" missed="0" covered="1"/></method><method name="&lt;init&gt;" desc="(Lcom/paybridge/bkash/BkashConfiguration;Ljava/net/http/HttpClient;Lcom/fasterxml/jackson/databind/ObjectMapper;)V" line="15"><counter type="INSTRUCTION" missed="0" covered="12"/><counter type="LINE" missed="0" covered="1"/><counter type="COMPLEXITY" missed="0" covered="1"/><counter type="METHOD" missed="0" covered="1"/></method><method name="provider" desc="()Lcom/paybridge/core/model/PaymentProvider;" line="16"><counter type="INSTRUCTION" missed="0" covered="2"/><counter type="LINE" missed="0" covered="1"/><counter type="COMPLEXITY" missed="0" covered="1"/><counter type="METHOD" missed="0" covered="1"/></method><method name="capabilities" desc="()Ljava/util/Set;" line="16"><counter type="INSTRUCTION" missed="6" covered="0"/><counter type="LINE" missed="1" covered="0"/><counter type="COMPLEXITY" missed="1" covered="0"/><counter type="METHOD" missed="1" covered="0"/></method><method name="createPayment" desc="(Lcom/paybridge/core/model/PaymentRequest;)Lcom/paybridge/core/model/Payment;" line="17"><counter type="INSTRUCTION" missed="0" covered="59"/><counter type="LINE" missed="0" covered="1"/><counter type="COMPLEXITY" missed="0" covered="1"/><counter type="METHOD" missed="0" covered="1"/></method><method name="confirm" desc="(Lcom/paybridge/core/model/PaymentReference;)Lcom/paybridge/core/model/Payment;" line="18"><counter type="INSTRUCTION" missed="18" covered="0"/><counter type="LINE" missed="1" covered="0"/><counter type="COMPLEXITY" missed="1" covered="0"/><counter type="METHOD" missed="1" covered="0"/></method><method name="getPayment" desc="(Lcom/paybridge/core/model/PaymentReference;)Lcom/paybridge/core/model/Payment;" line="19"><counter type="INSTRUCTION" missed="18" covered="0"/><counter type="LINE" missed="1" covered="0"/><counter type="COMPLEXITY" missed="1" covered="0"/><counter type="METHOD" missed="1" covered="0"/></method><method name="post" desc="(Ljava/lang/String;Lcom/fasterxml/jackson/databind/JsonNode;Ljava/lang/String;)Lcom/fasterxml/jackson/databind/JsonNode;" line="20"><counter type="INSTRUCTION" missed="20" covered="60"/><counter type="BRANCH" missed="3" covered="3"/><counter type="LINE" missed="0" covered="1"/><counter type="COMPLEXITY" missed="3" covered="1"/><counter type="METHOD" missed="0" covered="1"/></method><method name="token" desc="()Lcom/paybridge/bkash/BkashPaymentGateway$Token;" line="21"><counter type="INSTRUCTION" missed="42" covered="98"/><counter type="BRANCH" missed="8" covered="4"/><counter type="LINE" missed="0" covered="1"/><counter type="COMPLEXITY" missed="6" covered="1"/><counter type="METHOD" missed="0" covered="1"/></method><method name="payment" desc="(Lcom/fasterxml/jackson/databind/JsonNode;Lcom/paybridge/core/model/Money;Lcom/paybridge/core/model/PaymentStatus;)Lcom/paybridge/core/model/Payment;" line="22"><counter type="INSTRUCTION" missed="34" covered="64"/><counter type="BRANCH" missed="9" covered="5"/><counter type="LINE" missed="0" covered="1"/><counter type="COMPLEXITY" missed="7" covered="1"/><counter type="METHOD" missed="0" covered="1"/></method><method name="error" desc="(ILcom/fasterxml/jackson/databind/JsonNode;)Lcom/paybridge/core/error/PaymentException;" line="23"><counter type="INSTRUCTION" missed="46" covered="0"/><counter type="BRANCH" missed="12" covered="0"/><counter type="LINE" missed="1" covered="0"/><counter type="COMPLEXITY" missed="7" covered="0"/><counter type="METHOD" missed="1" covered="0"/></method><counter type="INSTRUCTION" missed="184" covered="303"/><counter type="BRANCH" missed="32" covered="12"/><counter type="LINE" missed="3" covered="6"/><counter type="COMPLEXITY" missed="26" covered="7"/><counter type="METHOD" missed="4" covered="7"/><counter type="CLASS" missed="0" covered="1"/></class><class name="com/paybridge/bkash/BkashConfiguration" sourcefilename="BkashConfiguration.java"><method name="&lt;init&gt;" desc="(Ljava/lang/String;Ljava/lang/String;Ljava/lang/String;Ljava/lang/String;Ljava/net/URI;Ljava/net/URI;)V" line="8"><counter type="INSTRUCTION" missed="5" covered="69"/><counter type="BRANCH" missed="2" covered="4"/><counter type="LINE" missed="0" covered="1"/><counter type="COMPLEXITY" missed="2" covered="2"/><counter type="METHOD" missed="0" covered="1"/></method><method name="toString" desc="()Ljava/lang/String;" line="9"><counter type="INSTRUCTION" missed="8" covered="0"/><counter type="LINE" missed="1" covered="0"/><counter type="COMPLEXITY" missed="1" covered="0"/><counter type="METHOD" missed="1" covered="0"/></method><counter type="INSTRUCTION" missed="13" covered="69"/><counter type="BRANCH" missed="2" covered="4"/><counter type="LINE" missed="1" covered="1"/><counter type="COMPLEXITY" missed="3" covered="2"/><counter type="METHOD" missed="1" covered="1"/><counter type="CLASS" missed="0" covered="1"/></class><class name="com/paybridge/bkash/BkashPaymentGateway$Token" sourcefilename="BkashPaymentGateway.java"><method name="&lt;init&gt;" desc="(Ljava/lang/String;Ljava/time/Instant;)V" line="23"><counter type="INSTRUCTION" missed="0" covered="9"/><counter type="LINE" missed="0" covered="1"/><counter type="COMPLEXITY" missed="0" covered="1"/><counter type="METHOD" missed="0" covered="1"/></method><counter type="INSTRUCTION" missed="0" covered="9"/><counter type="LINE" missed="0" covered="1"/><counter type="COMPLEXITY" missed="0" covered="1"/><counter type="METHOD" missed="0" covered="1"/><counter type="CLASS" missed="0" covered="1"/></class><sourcefile name="BkashPaymentGateway.java"><line nr="15" mi="0" ci="20" mb="0" cb="0"/><line nr="16" mi="6" ci="2" mb="0" cb="0"/><line nr="17" mi="0" ci="59" mb="0" cb="0"/><line nr="18" mi="18" ci="0" mb="0" cb="0"/><line nr="19" mi="18" ci="0" mb="0" cb="0"/><line nr="20" mi="20" ci="60" mb="3" cb="3"/><line nr="21" mi="42" ci="98" mb="8" cb="4"/><line nr="22" mi="34" ci="64" mb="9" cb="5"/><line nr="23" mi="46" ci="9" mb="12" cb="0"/><counter type="INSTRUCTION" missed="184" covered="312"/><counter type="BRANCH" missed="32" covered="12"/><counter type="LINE" missed="2" covered="7"/><counter type="COMPLEXITY" missed="26" covered="8"/><counter type="METHOD" missed="4" covered="8"/><counter type="CLASS" missed="0" covered="2"/></sourcefile><sourcefile name="BkashConfiguration.java"><line nr="8" mi="5" ci="69" mb="2" cb="4"/><line nr="9" mi="8" ci="0" mb="0" cb="0"/><counter type="INSTRUCTION" missed="13" covered="69"/><counter type="BRANCH" missed="2" covered="4"/><counter type="LINE" missed="1" covered="1"/><counter type="COMPLEXITY" missed="3" covered="2"/><counter type="METHOD" missed="1" covered="1"/><counter type="CLASS" missed="0" covered="1"/></sourcefile><counter type="INSTRUCTION" missed="197" covered="381"/><counter type="BRANCH" missed="34" covered="16"/><counter type="LINE" missed="3" covered="8"/><counter type="COMPLEXITY" missed="29" covered="10"/><counter type="METHOD" missed="5" covered="9"/><counter type="CLASS" missed="0" covered="3"/></package><counter type="INSTRUCTION" missed="197" covered="381"/><counter type="BRANCH" missed="34" covered="16"/><counter type="LINE" missed="3" covered="8"/><counter type="COMPLEXITY" missed="29" covered="10"/><counter type="METHOD" missed="5" covered="9"/><counter type="CLASS" missed="0" covered="3"/></report>