<?xml version="1.0" encoding="UTF-8"?>
<testsuite xmlns:xsi="http://www.w3.org/2001/XMLSchema-instance" xsi:noNamespaceSchemaLocation="https://maven.apache.org/surefire/maven-surefire-plugin/xsd/surefire-test-report.xsd" version="3.0.2" name="com.paybridge.testkit.FakePaymentGatewayTest" time="0.265" tests="2" errors="0" skipped="0" failures="0">
  <properties>
[...]
</properties>
  <testcase name="produces_deterministic_payment" classname="com.paybridge.testkit.FakePaymentGatewayTest" time="0.219"/>
  <testcase name="simulates_decline" classname="com.paybridge.testkit.FakePaymentGatewayTest" time="0.002"/>
</testsuite>